TN:
SF:app.js
FN:15,(anonymous_0)
FNF:1
FNH:1
FNDA:1,(anonymous_0)
DA:9,2
DA:11,2
DA:13,2
DA:15,2
DA:17,2
DA:19,2
DA:21,2
DA:23,2
LF:8
LH:8
BRF:0
BRH:0
end_of_record
TN:
SF:db.js
FN:7,dbClose
FN:26,(anonymous_1)
FNF:2
FNH:0
FNDA:0,dbClose
FNDA:0,(anonymous_1)
DA:4,2
DA:8,0
DA:12,2
DA:15,2
DA:26,2
DA:27,0
DA:28,0
DA:31,0
DA:32,0
DA:36,2
DA:39,2
DA:53,2
DA:56,2
DA:66,2
LF:14
LH:9
BRDA:27,0,0,0
BRDA:27,0,1,0
BRF:2
BRH:0
end_of_record
TN:
SF:controllers/generateToken.js
FN:6,(anonymous_0)
FNF:1
FNH:1
FNDA:1,(anonymous_0)
DA:4,2
DA:6,2
DA:7,1
LF:3
LH:3
BRF:0
BRH:0
end_of_record
TN:
SF:controllers/userControllers.js
FN:5,(anonymous_0)
FNF:1
FNH:1
FNDA:2,(anonymous_0)
DA:5,2
DA:6,2
DA:7,2
DA:9,2
DA:10,1
DA:19,1
LF:6
LH:6
BRDA:9,0,0,1
BRDA:9,0,1,1
BRDA:9,1,0,2
BRDA:9,1,1,1
BRF:4
BRH:4
end_of_record
TN:
SF:middleware/authMiddleware.js
FN:8,(anonymous_0)
FNF:1
FNH:0
FNDA:0,(anonymous_0)
DA:5,2
DA:8,2
DA:11,0
DA:12,0
DA:13,0
DA:15,0
DA:16,0
DA:18,0
DA:21,0
DA:24,0
LF:10
LH:2
BRDA:11,0,0,0
BRDA:11,0,1,0
BRDA:11,1,0,0
BRDA:11,1,1,0
BRF:4
BRH:0
end_of_record
TN:
SF:routes/client_notes_routes.js
FN:7,(anonymous_0)
FN:13,(anonymous_1)
FN:30,(anonymous_2)
FN:44,(anonymous_3)
FN:100,(anonymous_4)
FNF:5
FNH:0
FNDA:0,(anonymous_0)
FNDA:0,(anonymous_1)
FNDA:0,(anonymous_2)
FNDA:0,(anonymous_3)
FNDA:0,(anonymous_4)
DA:4,2
DA:7,2
DA:13,2
DA:14,0
DA:15,0
DA:18,0
DA:19,0
DA:21,0
DA:25,0
DA:30,2
DA:31,0
DA:32,0
DA:33,0
DA:36,0
DA:37,0
DA:39,0
DA:44,2
DA:45,0
DA:46,0
DA:47,0
DA:48,0
DA:50,0
DA:51,0
DA:53,0
DA:54,0
DA:56,0
DA:57,0
DA:59,0
DA:60,0
DA:62,0
DA:63,0
DA:65,0
DA:66,0
DA:68,0
DA:69,0
DA:71,0
DA:72,0
DA:73,0
DA:74,0
DA:76,0
DA:79,0
DA:80,0
DA:81,0
DA:82,0
DA:84,0
DA:87,0
DA:88,0
DA:89,0
DA:91,0
DA:95,0
DA:100,2
DA:101,0
DA:102,0
DA:103,0
DA:104,0
DA:106,0
DA:110,0
LF:57
LH:6
BRDA:18,0,0,0
BRDA:18,0,1,0
BRDA:36,1,0,0
BRDA:36,1,1,0
BRDA:47,2,0,0
BRDA:47,2,1,0
BRDA:50,3,0,0
BRDA:50,3,1,0
BRDA:53,4,0,0
BRDA:53,4,1,0
BRDA:56,5,0,0
BRDA:56,5,1,0
BRDA:59,6,0,0
BRDA:59,6,1,0
BRDA:62,7,0,0
BRDA:62,7,1,0
BRDA:65,8,0,0
BRDA:65,8,1,0
BRDA:68,9,0,0
BRDA:68,9,1,0
BRDA:71,10,0,0
BRDA:71,10,1,0
BRDA:73,11,0,0
BRDA:73,11,1,0
BRDA:79,12,0,0
BRDA:79,12,1,0
BRDA:81,13,0,0
BRDA:81,13,1,0
BRDA:88,14,0,0
BRDA:88,14,1,0
BRDA:103,15,0,0
BRDA:103,15,1,0
BRF:32
BRH:0
end_of_record
TN:
SF:routes/client_routes.js
FN:7,(anonymous_0)
FN:14,(anonymous_1)
FN:31,(anonymous_2)
FN:45,(anonymous_3)
FN:90,(anonymous_4)
FNF:5
FNH:0
FNDA:0,(anonymous_0)
FNDA:0,(anonymous_1)
FNDA:0,(anonymous_2)
FNDA:0,(anonymous_3)
FNDA:0,(anonymous_4)
DA:4,2
DA:7,2
DA:8,0
DA:14,2
DA:15,0
DA:16,0
DA:19,0
DA:20,0
DA:22,0
DA:26,0
DA:31,2
DA:32,0
DA:33,0
DA:34,0
DA:37,0
DA:38,0
DA:40,0
DA:45,2
DA:46,0
DA:47,0
DA:48,0
DA:49,0
DA:51,0
DA:52,0
DA:54,0
DA:55,0
DA:57,0
DA:58,0
DA:60,0
DA:61,0
DA:62,0
DA:63,0
DA:65,0
DA:68,0
DA:69,0
DA:70,0
DA:71,0
DA:73,0
DA:76,0
DA:77,0
DA:78,0
DA:80,0
DA:84,0
DA:90,2
DA:91,0
DA:92,0
DA:93,0
DA:94,0
DA:96,0
DA:100,0
LF:50
LH:6
BRDA:19,0,0,0
BRDA:19,0,1,0
BRDA:37,1,0,0
BRDA:37,1,1,0
BRDA:48,2,0,0
BRDA:48,2,1,0
BRDA:51,3,0,0
BRDA:51,3,1,0
BRDA:54,4,0,0
BRDA:54,4,1,0
BRDA:57,5,0,0
BRDA:57,5,1,0
BRDA:60,6,0,0
BRDA:60,6,1,0
BRDA:62,7,0,0
BRDA:62,7,1,0
BRDA:68,8,0,0
BRDA:68,8,1,0
BRDA:70,9,0,0
BRDA:70,9,1,0
BRDA:77,10,0,0
BRDA:77,10,1,0
BRDA:93,11,0,0
BRDA:93,11,1,0
BRF:24
BRH:0
end_of_record
TN:
SF:routes/login_routes.js
FNF:0
FNH:0
DA:4,2
DA:6,2
LF:2
LH:2
BRF:0
BRH:0
end_of_record
TN:
SF:routes/user_routes.js
FN:6,(anonymous_0)
FN:9,(anonymous_1)
FN:24,(anonymous_2)
FN:39,(anonymous_3)
FN:82,(anonymous_4)
FNF:5
FNH:0
FNDA:0,(anonymous_0)
FNDA:0,(anonymous_1)
FNDA:0,(anonymous_2)
FNDA:0,(anonymous_3)
FNDA:0,(anonymous_4)
DA:3,2
DA:6,2
DA:9,2
DA:10,0
DA:11,0
DA:12,0
DA:13,0
DA:15,0
DA:19,0
DA:24,2
DA:25,0
DA:26,0
DA:27,0
DA:30,0
DA:31,0
DA:33,0
DA:39,2
DA:40,0
DA:41,0
DA:42,0
DA:43,0
DA:45,0
DA:46,0
DA:48,0
DA:49,0
DA:51,0
DA:52,0
DA:54,0
DA:55,0
DA:57,0
DA:58,0
DA:60,0
DA:61,0
DA:62,0
DA:63,0
DA:65,0
DA:68,0
DA:69,0
DA:70,0
DA:72,0
DA:76,0
DA:82,2
DA:83,0
DA:84,0
DA:85,0
DA:86,0
DA:88,0
DA:92,0
LF:48
LH:6
BRDA:12,0,0,0
BRDA:12,0,1,0
BRDA:30,1,0,0
BRDA:30,1,1,0
BRDA:42,2,0,0
BRDA:42,2,1,0
BRDA:45,3,0,0
BRDA:45,3,1,0
BRDA:48,4,0,0
BRDA:48,4,1,0
BRDA:51,5,0,0
BRDA:51,5,1,0
BRDA:54,6,0,0
BRDA:54,6,1,0
BRDA:57,7,0,0
BRDA:57,7,1,0
BRDA:60,8,0,0
BRDA:60,8,1,0
BRDA:62,9,0,0
BRDA:62,9,1,0
BRDA:69,10,0,0
BRDA:69,10,1,0
BRDA:85,11,0,0
BRDA:85,11,1,0
BRF:24
BRH:0
end_of_record
